Log file open, 12/14/20 19:22:47
LogInit: Display: Running engine for game: MarbleRun
LogInit: Display: Project file not found: ../../../MarbleRun/MarbleRun.uproject
LogInit: Display: 	Attempting to find via project info helper.
LogUProjectInfo: Found projects:
LogPakFile: Display: Found Pak file ../../../MarbleRun/Content/Paks/MarbleRun-WindowsNoEditor.pak attempting to mount.
LogPakFile: Display: Mounting pak file ../../../MarbleRun/Content/Paks/MarbleRun-WindowsNoEditor.pak.
LogPlatformFile: Not using cached read wrapper
LogTaskGraph: Started task graph with 5 named threads and 35 total threads with 3 sets of task threads.
LogStats: Stats thread started at 0.066703
LogD3D11RHI: Loaded GFSDK_Aftermath_Lib.x64.dll
LogICUInternationalization: ICU TimeZone Detection - Raw Offset: +5:30, Platform Override: ''
LogPluginManager: Mounting plugin Paper2D
LogPluginManager: Mounting plugin AISupport
LogPluginManager: Mounting plugin LightPropagationVolume
LogPluginManager: Mounting plugin AnimationSharing
LogPluginManager: Mounting plugin SignificanceManager
LogPluginManager: Mounting plugin UObjectPlugin
LogPluginManager: Mounting plugin AssetManagerEditor
LogPluginManager: Mounting plugin FacialAnimation
LogPluginManager: Mounting plugin GeometryMode
LogPluginManager: Mounting plugin DatasmithContent
LogPluginManager: Mounting plugin VariantManagerContent
LogPluginManager: Mounting plugin AlembicImporter
LogPluginManager: Mounting plugin GeometryCache
LogPluginManager: Mounting plugin AutomationUtils
LogPluginManager: Mounting plugin ScreenshotTools
LogPluginManager: Mounting plugin BackChannel
LogPluginManager: Mounting plugin ChaosClothEditor
LogPluginManager: Mounting plugin ChaosCloth
LogPluginManager: Mounting plugin ChaosEditor
LogPluginManager: Mounting plugin PlanarCut
LogPluginManager: Mounting plugin GeometryProcessing
LogPluginManager: Mounting plugin EditableMesh
LogPluginManager: Mounting plugin GeometryCollectionPlugin
LogPluginManager: Mounting plugin ProceduralMeshComponent
LogPluginManager: Mounting plugin ChaosSolverPlugin
LogPluginManager: Mounting plugin ChaosNiagara
LogPluginManager: Mounting plugin Niagara
LogPluginManager: Mounting plugin CharacterAI
LogPluginManager: Mounting plugin PlatformCrypto
LogPluginManager: Mounting plugin MagicLeapPassableWorld
LogPluginManager: Mounting plugin MagicLeap
LogPluginManager: Mounting plugin MLSDK
LogPluginManager: Mounting plugin MagicLeapLightEstimation
LogPluginManager: Mounting plugin AvfMedia
LogPluginManager: Mounting plugin ImgMedia
LogPluginManager: Mounting plugin MediaCompositing
LogPluginManager: Mounting plugin WmfMedia
LogPluginManager: Mounting plugin MeshPainting
LogPluginManager: Mounting plugin TcpMessaging
LogPluginManager: Mounting plugin UdpMessaging
LogPluginManager: Mounting plugin ActorSequence
LogPluginManager: Mounting plugin LevelSequenceEditor
LogPluginManager: Mounting plugin MatineeToLevelSequence
LogPluginManager: Mounting plugin TemplateSequence
LogPluginManager: Mounting plugin MovieRenderPipeline
LogPluginManager: Mounting plugin EditorScriptingUtilities
LogPluginManager: Mounting plugin NetcodeUnitTest
LogPluginManager: Mounting plugin OnlineSubsystemNull
LogPluginManager: Mounting plugin OnlineSubsystem
LogPluginManager: Mounting plugin OnlineSubsystemUtils
LogPluginManager: Mounting plugin LauncherChunkInstaller
LogPluginManager: Mounting plugin AndroidPermission
LogPluginManager: Mounting plugin AppleImageUtils
LogPluginManager: Mounting plugin ArchVisCharacter
LogPluginManager: Mounting plugin AssetTags
LogPluginManager: Mounting plugin AudioCapture
LogPluginManager: Mounting plugin CableComponent
LogPluginManager: Mounting plugin CustomMeshComponent
LogPluginManager: Mounting plugin ExampleDeviceProfileSelector
LogPluginManager: Mounting plugin GooglePAD
LogPluginManager: Mounting plugin LocationServicesBPLibrary
LogPluginManager: Mounting plugin MobilePatchingUtils
LogPluginManager: Mounting plugin OculusVR
LogPluginManager: Mounting plugin PhysXVehicles
LogPluginManager: Mounting plugin RuntimePhysXCooking
LogPluginManager: Mounting plugin SoundFields
LogPluginManager: Mounting plugin SteamVR
LogPluginManager: Mounting plugin Synthesis
LogPluginManager: Mounting plugin WebMMoviePlayer
LogPluginManager: Mounting plugin WebMMedia
LogPluginManager: Mounting plugin WindowsMoviePlayer
LogInit: Using libcurl 7.55.1-DEV
LogInit:  - built for x86_64-pc-win32
LogInit:  - supports SSL with OpenSSL/1.1.1
LogInit:  - supports HTTP deflate (compression) using libz 1.2.8
LogInit:  - other features:
LogInit:      CURL_VERSION_SSL
LogInit:      CURL_VERSION_LIBZ
LogInit:      CURL_VERSION_IPV6
LogInit:      CURL_VERSION_ASYNCHDNS
LogInit:      CURL_VERSION_LARGEFILE
LogInit:      CURL_VERSION_IDN
LogInit:  CurlRequestOptions (configurable via config and command line):
LogInit:  - bVerifyPeer = true  - Libcurl will verify peer certificate
LogInit:  - bUseHttpProxy = false  - Libcurl will NOT use HTTP proxy
LogInit:  - bDontReuseConnections = false  - Libcurl will reuse connections
LogInit:  - MaxHostConnections = 16  - Libcurl will limit the number of connections to a host
LogInit:  - LocalHostAddr = Default
LogInit:  - BufferSize = 65536
LogOnline: OSS: Creating online subsystem instance for: NULL
LogInit: WinSock: version 1.1 (2.2), MaxSocks=32767, MaxUdp=65467
LogOnline: OSS: TryLoadSubsystemAndSetDefault: Loaded subsystem for module [NULL]
LogInit: Build: ++UE4+Release-4.25-CL-14469661
LogInit: Engine Version: 4.25.4-14469661+++UE4+Release-4.25
LogInit: Compatible Engine Version: 4.25.0-13144385+++UE4+Release-4.25
LogInit: Net CL: 13144385
LogInit: OS: Windows 10 (Release 2009) (), CPU: Intel(R) Core(TM) i7-9750H CPU @ 2.60GHz, GPU: Intel(R) UHD Graphics 630
LogInit: Compiled (64-bit): Oct 11 2020 08:22:12
LogInit: Compiled with Visual C++: 19.16.27032.01
LogInit: Build Configuration: Development
LogInit: Branch Name: ++UE4+Release-4.25
LogInit: Command Line: 
LogInit: Base Directory: D:/1. SEMESTERS/Semester-III/GameDev-III/Unreal Projects/MarbleRun/Play Game/Engine/Binaries/Win64/
LogInit: Allocator: binned2
LogInit: Installed Engine Build: 0
LogDevObjectVersion: Number of dev versions registered: 26
LogDevObjectVersion:   Dev-Blueprints (B0D832E4-1F89-4F0D-ACCF-7EB736FD4AA2): 10
LogDevObjectVersion:   Dev-Build (E1C64328-A22C-4D53-A36C-8E866417BD8C): 0
LogDevObjectVersion:   Dev-Core (375EC13C-06E4-48FB-B500-84F0262A717E): 4
LogDevObjectVersion:   Dev-Editor (E4B068ED-F494-42E9-A231-DA0B2E46BB41): 38
LogDevObjectVersion:   Dev-Framework (CFFC743F-43B0-4480-9391-14DF171D2073): 37
LogDevObjectVersion:   Dev-Mobile (B02B49B5-BB20-44E9-A304-32B752E40360): 2
LogDevObjectVersion:   Dev-Networking (A4E4105C-59A1-49B5-A7C5-40C4547EDFEE): 0
LogDevObjectVersion:   Dev-Online (39C831C9-5AE6-47DC-9A44-9C173E1C8E7C): 0
LogDevObjectVersion:   Dev-Physics (78F01B33-EBEA-4F98-B9B4-84EACCB95AA2): 4
LogDevObjectVersion:   Dev-Platform (6631380F-2D4D-43E0-8009-CF276956A95A): 0
LogDevObjectVersion:   Dev-Rendering (12F88B9F-8875-4AFC-A67C-D90C383ABD29): 43
LogDevObjectVersion:   Dev-Sequencer (7B5AE74C-D270-4C10-A958-57980B212A5A): 12
LogDevObjectVersion:   Dev-VR (D7296918-1DD6-4BDD-9DE2-64A83CC13884): 3
LogDevObjectVersion:   Dev-LoadTimes (C2A15278-BFE7-4AFE-6C17-90FF531DF755): 1
LogDevObjectVersion:   Private-Geometry (6EACA3D4-40EC-4CC1-B786-8BED09428FC5): 3
LogDevObjectVersion:   Dev-AnimPhys (29E575DD-E0A3-4627-9D10-D276232CDCEA): 17
LogDevObjectVersion:   Dev-Anim (AF43A65D-7FD3-4947-9873-3E8ED9C1BB05): 7
LogDevObjectVersion:   Dev-ReflectionCapture (6B266CEC-1EC7-4B8F-A30B-E4D90942FC07): 1
LogDevObjectVersion:   Dev-Automation (0DF73D61-A23F-47EA-B727-89E90C41499A): 1
LogDevObjectVersion:   FortniteMain (601D1886-AC64-4F84-AA16-D3DE0DEAC7D6): 31
LogDevObjectVersion:   Dev-Enterprise (9DFFBCD6-494F-0158-E221-12823C92A888): 10
LogDevObjectVersion:   Dev-Niagara (F2AED0AC-9AFE-416F-8664-AA7FFA26D6FC): 1
LogDevObjectVersion:   Dev-Destruction (174F1F0B-B4C6-45A5-B13F-2EE8D0FB917D): 10
LogDevObjectVersion:   Dev-Physics-Ext (35F94A83-E258-406C-A318-09F59610247C): 37
LogDevObjectVersion:   Dev-PhysicsMaterial-Chaos (B68FC16E-8B1B-42E2-B453-215C058844FE): 1
LogDevObjectVersion:   Dev-CineCamera (B2E18506-4273-CFC2-A54E-F4BB758BBA07): 1
LogInit: Presizing for max 2097152 objects, including 1 objects not considered by GC, pre-allocating 0 bytes for permanent pool.
LogConfig: Applying CVar settings from Section [/Script/Engine.StreamingSettings] File [../../../MarbleRun/Saved/Config/WindowsNoEditor/Engine.ini]
LogConfig: Setting CVar [[s.MinBulkDataSizeForAsyncLoading:131072]]
LogConfig: Setting CVar [[s.AsyncLoadingThreadEnabled:0]]
LogConfig: Setting CVar [[s.EventDrivenLoaderEnabled:1]]
LogConfig: Setting CVar [[s.WarnIfTimeLimitExceeded:0]]
LogConfig: Setting CVar [[s.TimeLimitExceededMultiplier:1.5]]
LogConfig: Setting CVar [[s.TimeLimitExceededMinTime:0.005]]
LogConfig: Setting CVar [[s.UseBackgroundLevelStreaming:1]]
LogConfig: Setting CVar [[s.PriorityAsyncLoadingExtraTime:15.0]]
LogConfig: Setting CVar [[s.LevelStreamingActorsUpdateTimeLimit:5.0]]
LogConfig: Setting CVar [[s.PriorityLevelStreamingActorsUpdateExtraTime:5.0]]
LogConfig: Setting CVar [[s.LevelStreamingComponentsRegistrationGranularity:10]]
LogConfig: Setting CVar [[s.UnregisterComponentsTimeLimit:1.0]]
LogConfig: Setting CVar [[s.LevelStreamingComponentsUnregistrationGranularity:5]]
LogConfig: Setting CVar [[s.FlushStreamingOnExit:1]]
LogStreaming: Display: Async Loading initialized: Event Driven Loader: true, Async Loading Thread: false, Async Post Load: true
LogInit: Object subsystem initialized
LogConfig: Setting CVar [[con.DebugEarlyDefault:1]]
LogConfig: Setting CVar [[r.setres:1280x720]]
LogConfig: Setting CVar [[fx.NiagaraAllowRuntimeScalabilityChanges:1]]
[2020.12.14-13.52.47:620][  0]LogConfig: Setting CVar [[con.DebugEarlyDefault:1]]
[2020.12.14-13.52.47:620][  0]LogConfig: Setting CVar [[r.setres:1280x720]]
[2020.12.14-13.52.47:620][  0]LogConfig: Setting CVar [[fx.NiagaraAllowRuntimeScalabilityChanges:1]]
[2020.12.14-13.52.47:620][  0]LogConfig: Applying CVar settings from Section [/Script/Engine.RendererSettings] File [../../../MarbleRun/Saved/Config/WindowsNoEditor/Engine.ini]
[2020.12.14-13.52.47:620][  0]LogConfig: Setting CVar [[r.GPUCrashDebugging:0]]
[2020.12.14-13.52.47:620][  0]LogConfig: Applying CVar settings from Section [/Script/Engine.RendererOverrideSettings] File [../../../MarbleRun/Saved/Config/WindowsNoEditor/Engine.ini]
[2020.12.14-13.52.47:620][  0]LogConfig: Applying CVar settings from Section [/Script/Engine.StreamingSettings] File [../../../MarbleRun/Saved/Config/WindowsNoEditor/Engine.ini]
[2020.12.14-13.52.47:620][  0]LogConfig: Setting CVar [[s.MinBulkDataSizeForAsyncLoading:131072]]
[2020.12.14-13.52.47:620][  0]LogConfig: Setting CVar [[s.AsyncLoadingThreadEnabled:0]]
[2020.12.14-13.52.47:620][  0]LogConfig: Setting CVar [[s.EventDrivenLoaderEnabled:1]]
[2020.12.14-13.52.47:620][  0]LogConfig: Setting CVar [[s.WarnIfTimeLimitExceeded:0]]
[2020.12.14-13.52.47:620][  0]LogConfig: Setting CVar [[s.TimeLimitExceededMultiplier:1.5]]
[2020.12.14-13.52.47:620][  0]LogConfig: Setting CVar [[s.TimeLimitExceededMinTime:0.005]]
[2020.12.14-13.52.47:620][  0]LogConfig: Setting CVar [[s.UseBackgroundLevelStreaming:1]]
[2020.12.14-13.52.47:620][  0]LogConfig: Setting CVar [[s.PriorityAsyncLoadingExtraTime:15.0]]
[2020.12.14-13.52.47:620][  0]LogConfig: Setting CVar [[s.LevelStreamingActorsUpdateTimeLimit:5.0]]
[2020.12.14-13.52.47:620][  0]LogConfig: Setting CVar [[s.PriorityLevelStreamingActorsUpdateExtraTime:5.0]]
[2020.12.14-13.52.47:620][  0]LogConfig: Setting CVar [[s.LevelStreamingComponentsRegistrationGranularity:10]]
[2020.12.14-13.52.47:620][  0]LogConfig: Setting CVar [[s.UnregisterComponentsTimeLimit:1.0]]
[2020.12.14-13.52.47:620][  0]LogConfig: Setting CVar [[s.LevelStreamingComponentsUnregistrationGranularity:5]]
[2020.12.14-13.52.47:620][  0]LogConfig: Setting CVar [[s.FlushStreamingOnExit:1]]
[2020.12.14-13.52.47:620][  0]LogConfig: Applying CVar settings from Section [/Script/Engine.GarbageCollectionSettings] File [../../../MarbleRun/Saved/Config/WindowsNoEditor/Engine.ini]
[2020.12.14-13.52.47:620][  0]LogConfig: Setting CVar [[gc.MaxObjectsNotConsideredByGC:1]]
[2020.12.14-13.52.47:620][  0]LogConfig: Setting CVar [[gc.SizeOfPermanentObjectPool:0]]
[2020.12.14-13.52.47:620][  0]LogConfig: Setting CVar [[gc.FlushStreamingOnGC:0]]
[2020.12.14-13.52.47:620][  0]LogConfig: Setting CVar [[gc.NumRetriesBeforeForcingGC:10]]
[2020.12.14-13.52.47:620][  0]LogConfig: Setting CVar [[gc.AllowParallelGC:1]]
[2020.12.14-13.52.47:620][  0]LogConfig: Setting CVar [[gc.TimeBetweenPurgingPendingKillObjects:61.1]]
[2020.12.14-13.52.47:620][  0]LogConfig: Setting CVar [[gc.MaxObjectsInEditor:25165824]]
[2020.12.14-13.52.47:620][  0]LogConfig: Setting CVar [[gc.IncrementalBeginDestroyEnabled:1]]
[2020.12.14-13.52.47:620][  0]LogConfig: Setting CVar [[gc.CreateGCClusters:1]]
[2020.12.14-13.52.47:620][  0]LogConfig: Setting CVar [[gc.MinGCClusterSize:5]]
[2020.12.14-13.52.47:620][  0]LogConfig: Setting CVar [[gc.ActorClusteringEnabled:0]]
[2020.12.14-13.52.47:620][  0]LogConfig: Setting CVar [[gc.BlueprintClusteringEnabled:0]]
[2020.12.14-13.52.47:620][  0]LogConfig: Setting CVar [[gc.UseDisregardForGCOnDedicatedServers:0]]
[2020.12.14-13.52.47:620][  0]LogConfig: Applying CVar settings from Section [/Script/Engine.NetworkSettings] File [../../../MarbleRun/Saved/Config/WindowsNoEditor/Engine.ini]
[2020.12.14-13.52.47:625][  0]LogConfig: Applying CVar settings from Section [ViewDistanceQuality@3] File [../../../MarbleRun/Saved/Config/WindowsNoEditor/Scalability.ini]
[2020.12.14-13.52.47:625][  0]LogConfig: Setting CVar [[r.SkeletalMeshLODBias:0]]
[2020.12.14-13.52.47:625][  0]LogConfig: Setting CVar [[r.ViewDistanceScale:1.0]]
[2020.12.14-13.52.47:625][  0]LogConfig: Applying CVar settings from Section [AntiAliasingQuality@3] File [../../../MarbleRun/Saved/Config/WindowsNoEditor/Scalability.ini]
[2020.12.14-13.52.47:625][  0]LogConfig: Setting CVar [[r.PostProcessAAQuality:4]]
[2020.12.14-13.52.47:625][  0]LogConfig: Applying CVar settings from Section [ShadowQuality@3] File [../../../MarbleRun/Saved/Config/WindowsNoEditor/Scalability.ini]
[2020.12.14-13.52.47:625][  0]LogConfig: Setting CVar [[r.LightFunctionQuality:1]]
[2020.12.14-13.52.47:625][  0]LogConfig: Setting CVar [[r.ShadowQuality:5]]
[2020.12.14-13.52.47:625][  0]LogConfig: Setting CVar [[r.Shadow.CSM.MaxCascades:10]]
[2020.12.14-13.52.47:625][  0]LogConfig: Setting CVar [[r.Shadow.MaxResolution:2048]]
[2020.12.14-13.52.47:625][  0]LogConfig: Setting CVar [[r.Shadow.MaxCSMResolution:2048]]
[2020.12.14-13.52.47:625][  0]LogConfig: Setting CVar [[r.Shadow.RadiusThreshold:0.01]]
[2020.12.14-13.52.47:625][  0]LogConfig: Setting CVar [[r.Shadow.DistanceScale:1.0]]
[2020.12.14-13.52.47:625][  0]LogConfig: Setting CVar [[r.Shadow.CSM.TransitionScale:1.0]]
[2020.12.14-13.52.47:625][  0]LogConfig: Setting CVar [[r.Shadow.PreShadowResolutionFactor:1.0]]
[2020.12.14-13.52.47:625][  0]LogConfig: Setting CVar [[r.DistanceFieldShadowing:1]]
[2020.12.14-13.52.47:625][  0]LogConfig: Setting CVar [[r.DistanceFieldAO:1]]
[2020.12.14-13.52.47:625][  0]LogConfig: Setting CVar [[r.AOQuality:2]]
[2020.12.14-13.52.47:625][  0]LogConfig: Setting CVar [[r.VolumetricFog:1]]
[2020.12.14-13.52.47:625][  0]LogConfig: Setting CVar [[r.VolumetricFog.GridPixelSize:8]]
[2020.12.14-13.52.47:625][  0]LogConfig: Setting CVar [[r.VolumetricFog.GridSizeZ:128]]
[2020.12.14-13.52.47:625][  0]LogConfig: Setting CVar [[r.VolumetricFog.HistoryMissSupersampleCount:4]]
[2020.12.14-13.52.47:625][  0]LogConfig: Setting CVar [[r.LightMaxDrawDistanceScale:1]]
[2020.12.14-13.52.47:625][  0]LogConfig: Setting CVar [[r.CapsuleShadows:1]]
[2020.12.14-13.52.47:625][  0]LogConfig: Applying CVar settings from Section [PostProcessQuality@3] File [../../../MarbleRun/Saved/Config/WindowsNoEditor/Scalability.ini]
[2020.12.14-13.52.47:625][  0]LogConfig: Setting CVar [[r.MotionBlurQuality:4]]
[2020.12.14-13.52.47:625][  0]LogConfig: Setting CVar [[r.AmbientOcclusionMipLevelFactor:0.4]]
[2020.12.14-13.52.47:625][  0]LogConfig: Setting CVar [[r.AmbientOcclusionMaxQuality:100]]
[2020.12.14-13.52.47:625][  0]LogConfig: Setting CVar [[r.AmbientOcclusionLevels:-1]]
[2020.12.14-13.52.47:625][  0]LogConfig: Setting CVar [[r.AmbientOcclusionRadiusScale:1.0]]
[2020.12.14-13.52.47:625][  0]LogConfig: Setting CVar [[r.DepthOfFieldQuality:2]]
[2020.12.14-13.52.47:625][  0]LogConfig: Setting CVar [[r.RenderTargetPoolMin:400]]
[2020.12.14-13.52.47:625][  0]LogConfig: Setting CVar [[r.LensFlareQuality:2]]
[2020.12.14-13.52.47:625][  0]LogConfig: Setting CVar [[r.SceneColorFringeQuality:1]]
[2020.12.14-13.52.47:625][  0]LogConfig: Setting CVar [[r.EyeAdaptationQuality:2]]
[2020.12.14-13.52.47:625][  0]LogConfig: Setting CVar [[r.BloomQuality:5]]
[2020.12.14-13.52.47:625][  0]LogConfig: Setting CVar [[r.FastBlurThreshold:100]]
[2020.12.14-13.52.47:625][  0]LogConfig: Setting CVar [[r.Upscale.Quality:3]]
[2020.12.14-13.52.47:625][  0]LogConfig: Setting CVar [[r.Tonemapper.GrainQuantization:1]]
[2020.12.14-13.52.47:625][  0]LogConfig: Setting CVar [[r.LightShaftQuality:1]]
[2020.12.14-13.52.47:625][  0]LogConfig: Setting CVar [[r.Filter.SizeScale:1]]
[2020.12.14-13.52.47:625][  0]LogConfig: Setting CVar [[r.Tonemapper.Quality:5]]
[2020.12.14-13.52.47:625][  0]LogConfig: Setting CVar [[r.DOF.Gather.AccumulatorQuality:1        ; higher gathering accumulator quality]]
[2020.12.14-13.52.47:625][  0]LogConfig: Setting CVar [[r.DOF.Gather.PostfilterMethod:1          ; Median3x3 postfilering method]]
[2020.12.14-13.52.47:625][  0]LogConfig: Setting CVar [[r.DOF.Gather.EnableBokehSettings:0       ; no bokeh simulation when gathering]]
[2020.12.14-13.52.47:625][  0]LogConfig: Setting CVar [[r.DOF.Gather.RingCount:4                 ; medium number of samples when gathering]]
[2020.12.14-13.52.47:625][  0]LogConfig: Setting CVar [[r.DOF.Scatter.ForegroundCompositing:1    ; additive foreground scattering]]
[2020.12.14-13.52.47:625][  0]LogConfig: Setting CVar [[r.DOF.Scatter.BackgroundCompositing:2    ; additive background scattering]]
[2020.12.14-13.52.47:625][  0]LogConfig: Setting CVar [[r.DOF.Scatter.EnableBokehSettings:1      ; bokeh simulation when scattering]]
[2020.12.14-13.52.47:626][  0]LogConfig: Setting CVar [[r.DOF.Scatter.MaxSpriteRatio:0.1         ; only a maximum of 10% of scattered bokeh]]
[2020.12.14-13.52.47:626][  0]LogConfig: Setting CVar [[r.DOF.Recombine.Quality:1                ; cheap slight out of focus]]
[2020.12.14-13.52.47:626][  0]LogConfig: Setting CVar [[r.DOF.Recombine.EnableBokehSettings:0    ; no bokeh simulation on slight out of focus]]
[2020.12.14-13.52.47:626][  0]LogConfig: Setting CVar [[r.DOF.TemporalAAQuality:1                ; more stable temporal accumulation]]
[2020.12.14-13.52.47:626][  0]LogConfig: Setting CVar [[r.DOF.Kernel.MaxForegroundRadius:0.025]]
[2020.12.14-13.52.47:626][  0]LogConfig: Setting CVar [[r.DOF.Kernel.MaxBackgroundRadius:0.025]]
[2020.12.14-13.52.47:626][  0]LogConfig: Applying CVar settings from Section [TextureQuality@3] File [../../../MarbleRun/Saved/Config/WindowsNoEditor/Scalability.ini]
[2020.12.14-13.52.47:626][  0]LogConfig: Setting CVar [[r.Streaming.MipBias:0]]
[2020.12.14-13.52.47:626][  0]LogConfig: Setting CVar [[r.Streaming.AmortizeCPUToGPUCopy:0]]
[2020.12.14-13.52.47:626][  0]LogConfig: Setting CVar [[r.Streaming.MaxNumTexturesToStreamPerFrame:0]]
[2020.12.14-13.52.47:626][  0]LogConfig: Setting CVar [[r.Streaming.Boost:1]]
[2020.12.14-13.52.47:626][  0]LogConfig: Setting CVar [[r.MaxAnisotropy:8]]
[2020.12.14-13.52.47:626][  0]LogConfig: Setting CVar [[r.VT.MaxAnisotropy:8]]
[2020.12.14-13.52.47:626][  0]LogConfig: Setting CVar [[r.Streaming.LimitPoolSizeToVRAM:0]]
[2020.12.14-13.52.47:626][  0]LogConfig: Setting CVar [[r.Streaming.PoolSize:1000]]
[2020.12.14-13.52.47:626][  0]LogConfig: Setting CVar [[r.Streaming.MaxEffectiveScreenSize:0]]
[2020.12.14-13.52.47:626][  0]LogConfig: Applying CVar settings from Section [EffectsQuality@3] File [../../../MarbleRun/Saved/Config/WindowsNoEditor/Scalability.ini]
[2020.12.14-13.52.47:626][  0]LogConfig: Setting CVar [[r.TranslucencyLightingVolumeDim:64]]
[2020.12.14-13.52.47:626][  0]LogConfig: Setting CVar [[r.RefractionQuality:2]]
[2020.12.14-13.52.47:626][  0]LogConfig: Setting CVar [[r.SSR.Quality:3]]
[2020.12.14-13.52.47:626][  0]LogConfig: Setting CVar [[r.SSR.HalfResSceneColor:0]]
[2020.12.14-13.52.47:626][  0]LogConfig: Setting CVar [[r.SceneColorFormat:4]]
[2020.12.14-13.52.47:626][  0]LogConfig: Setting CVar [[r.DetailMode:2]]
[2020.12.14-13.52.47:626][  0]LogConfig: Setting CVar [[r.TranslucencyVolumeBlur:1]]
[2020.12.14-13.52.47:626][  0]LogConfig: Setting CVar [[r.MaterialQualityLevel:1 ; High quality]]
[2020.12.14-13.52.47:626][  0]LogConfig: Setting CVar [[r.SSS.Scale:1]]
[2020.12.14-13.52.47:626][  0]LogConfig: Setting CVar [[r.SSS.SampleSet:2]]
[2020.12.14-13.52.47:626][  0]LogConfig: Setting CVar [[r.SSS.Quality:1]]
[2020.12.14-13.52.47:626][  0]LogConfig: Setting CVar [[r.SSS.HalfRes:0]]
[2020.12.14-13.52.47:626][  0]LogConfig: Setting CVar [[r.SSGI.Quality:3]]
[2020.12.14-13.52.47:626][  0]LogConfig: Setting CVar [[r.EmitterSpawnRateScale:1.0]]
[2020.12.14-13.52.47:626][  0]LogConfig: Setting CVar [[r.ParticleLightQuality:2]]
[2020.12.14-13.52.47:626][  0]LogConfig: Setting CVar [[r.SkyAtmosphere.AerialPerspectiveLUT.FastApplyOnOpaque:1 ; Always have FastSkyLUT 1 in this case to avoid wrong sky]]
[2020.12.14-13.52.47:626][  0]LogConfig: Setting CVar [[r.SkyAtmosphere.AerialPerspectiveLUT.SampleCountPerSlice:1]]
[2020.12.14-13.52.47:626][  0]LogConfig: Setting CVar [[r.SkyAtmosphere.AerialPerspectiveLUT.DepthResolution:16.0]]
[2020.12.14-13.52.47:626][  0]LogConfig: Setting CVar [[r.SkyAtmosphere.FastSkyLUT:1]]
[2020.12.14-13.52.47:626][  0]LogConfig: Setting CVar [[r.SkyAtmosphere.FastSkyLUT.SampleCountMin:4.0]]
[2020.12.14-13.52.47:626][  0]LogConfig: Setting CVar [[r.SkyAtmosphere.FastSkyLUT.SampleCountMax:32.0]]
[2020.12.14-13.52.47:626][  0]LogConfig: Setting CVar [[r.SkyAtmosphere.SampleCountMin:4.0]]
[2020.12.14-13.52.47:626][  0]LogConfig: Setting CVar [[r.SkyAtmosphere.SampleCountMax:32.0]]
[2020.12.14-13.52.47:626][  0]LogConfig: Setting CVar [[r.SkyAtmosphere.TransmittanceLUT.UseSmallFormat:0]]
[2020.12.14-13.52.47:626][  0]LogConfig: Setting CVar [[r.SkyAtmosphere.TransmittanceLUT.SampleCount:10.0]]
[2020.12.14-13.52.47:626][  0]LogConfig: Setting CVar [[r.SkyAtmosphere.MultiScatteringLUT.SampleCount:15.0]]
[2020.12.14-13.52.47:626][  0]LogConfig: Setting CVar [[fx.Niagara.QualityLevel:3]]
[2020.12.14-13.52.47:626][  0]LogConfig: Applying CVar settings from Section [FoliageQuality@3] File [../../../MarbleRun/Saved/Config/WindowsNoEditor/Scalability.ini]
[2020.12.14-13.52.47:626][  0]LogConfig: Setting CVar [[foliage.DensityScale:1.0]]
[2020.12.14-13.52.47:626][  0]LogConfig: Setting CVar [[grass.DensityScale:1.0]]
[2020.12.14-13.52.47:626][  0]LogConfig: Applying CVar settings from Section [ShadingQuality@3] File [../../../MarbleRun/Saved/Config/WindowsNoEditor/Scalability.ini]
[2020.12.14-13.52.47:626][  0]LogConfig: Setting CVar [[r.HairStrands.SkyLighting.SampleCount:16]]
[2020.12.14-13.52.47:626][  0]LogConfig: Setting CVar [[r.HairStrands.SkyLighting.JitterIntegration:0]]
[2020.12.14-13.52.47:626][  0]LogConfig: Setting CVar [[r.HairStrands.SkyAO.SampleCount:16]]
[2020.12.14-13.52.47:626][  0]LogConfig: Setting CVar [[r.HairStrands.DeepShadow.SuperSampling:0]]
[2020.12.14-13.52.47:626][  0]LogConfig: Setting CVar [[r.HairStrands.VisibilityPPLL:0]]
[2020.12.14-13.52.47:626][  0]LogConfig: Setting CVar [[r.HairStrands.RasterizationScale:0.5]]
[2020.12.14-13.52.47:626][  0]LogConfig: Setting CVar [[r.HairStrands.VelocityRasterizationScale:1]]
[2020.12.14-13.52.47:626][  0]LogInit: Selected Device Profile: [WindowsNoEditor]
[2020.12.14-13.52.47:626][  0]LogInit: Applying CVar settings loaded from the selected device profile: [WindowsNoEditor]
[2020.12.14-13.52.47:627][  0]LogHAL: Display: Platform has ~ 16 GB [17053241344 / 17179869184 / 16], which maps to Larger [LargestMinGB=32, LargerMinGB=12, DefaultMinGB=8, SmallerMinGB=6, SmallestMinGB=0)
[2020.12.14-13.52.47:627][  0]LogInit: Going up to parent DeviceProfile [Windows]
[2020.12.14-13.52.47:627][  0]LogInit: Going up to parent DeviceProfile []
[2020.12.14-13.52.47:627][  0]LogConfig: Applying CVar settings from Section [ViewDistanceQuality@3] File [../../../MarbleRun/Saved/Config/WindowsNoEditor/Scalability.ini]
[2020.12.14-13.52.47:627][  0]LogConfig: Setting CVar [[r.SkeletalMeshLODBias:0]]
[2020.12.14-13.52.47:627][  0]LogConfig: Setting CVar [[r.ViewDistanceScale:1.0]]
[2020.12.14-13.52.47:627][  0]LogConfig: Applying CVar settings from Section [AntiAliasingQuality@3] File [../../../MarbleRun/Saved/Config/WindowsNoEditor/Scalability.ini]
[2020.12.14-13.52.47:627][  0]LogConfig: Setting CVar [[r.PostProcessAAQuality:4]]
[2020.12.14-13.52.47:627][  0]LogConfig: Applying CVar settings from Section [ShadowQuality@3] File [../../../MarbleRun/Saved/Config/WindowsNoEditor/Scalability.ini]
[2020.12.14-13.52.47:627][  0]LogConfig: Setting CVar [[r.LightFunctionQuality:1]]
[2020.12.14-13.52.47:627][  0]LogConfig: Setting CVar [[r.ShadowQuality:5]]
[2020.12.14-13.52.47:627][  0]LogConfig: Setting CVar [[r.Shadow.CSM.MaxCascades:10]]
[2020.12.14-13.52.47:627][  0]LogConfig: Setting CVar [[r.Shadow.MaxResolution:2048]]
[2020.12.14-13.52.47:627][  0]LogConfig: Setting CVar [[r.Shadow.MaxCSMResolution:2048]]
[2020.12.14-13.52.47:627][  0]LogConfig: Setting CVar [[r.Shadow.RadiusThreshold:0.01]]
[2020.12.14-13.52.47:627][  0]LogConfig: Setting CVar [[r.Shadow.DistanceScale:1.0]]
[2020.12.14-13.52.47:627][  0]LogConfig: Setting CVar [[r.Shadow.CSM.TransitionScale:1.0]]
[2020.12.14-13.52.47:627][  0]LogConfig: Setting CVar [[r.Shadow.PreShadowResolutionFactor:1.0]]
[2020.12.14-13.52.47:627][  0]LogConfig: Setting CVar [[r.DistanceFieldShadowing:1]]
[2020.12.14-13.52.47:627][  0]LogConfig: Setting CVar [[r.DistanceFieldAO:1]]
[2020.12.14-13.52.47:627][  0]LogConfig: Setting CVar [[r.AOQuality:2]]
[2020.12.14-13.52.47:627][  0]LogConfig: Setting CVar [[r.VolumetricFog:1]]
[2020.12.14-13.52.47:627][  0]LogConfig: Setting CVar [[r.VolumetricFog.GridPixelSize:8]]
[2020.12.14-13.52.47:627][  0]LogConfig: Setting CVar [[r.VolumetricFog.GridSizeZ:128]]
[2020.12.14-13.52.47:627][  0]LogConfig: Setting CVar [[r.VolumetricFog.HistoryMissSupersampleCount:4]]
[2020.12.14-13.52.47:627][  0]LogConfig: Setting CVar [[r.LightMaxDrawDistanceScale:1]]
[2020.12.14-13.52.47:627][  0]LogConfig: Setting CVar [[r.CapsuleShadows:1]]
[2020.12.14-13.52.47:627][  0]LogConfig: Applying CVar settings from Section [PostProcessQuality@3] File [../../../MarbleRun/Saved/Config/WindowsNoEditor/Scalability.ini]
[2020.12.14-13.52.47:627][  0]LogConfig: Setting CVar [[r.MotionBlurQuality:4]]
[2020.12.14-13.52.47:627][  0]LogConfig: Setting CVar [[r.AmbientOcclusionMipLevelFactor:0.4]]
[2020.12.14-13.52.47:627][  0]LogConfig: Setting CVar [[r.AmbientOcclusionMaxQuality:100]]
[2020.12.14-13.52.47:627][  0]LogConfig: Setting CVar [[r.AmbientOcclusionLevels:-1]]
[2020.12.14-13.52.47:627][  0]LogConfig: Setting CVar [[r.AmbientOcclusionRadiusScale:1.0]]
[2020.12.14-13.52.47:627][  0]LogConfig: Setting CVar [[r.DepthOfFieldQuality:2]]
[2020.12.14-13.52.47:627][  0]LogConfig: Setting CVar [[r.RenderTargetPoolMin:400]]
[2020.12.14-13.52.47:627][  0]LogConfig: Setting CVar [[r.LensFlareQuality:2]]
[2020.12.14-13.52.47:627][  0]LogConfig: Setting CVar [[r.SceneColorFringeQuality:1]]
[2020.12.14-13.52.47:627][  0]LogConfig: Setting CVar [[r.EyeAdaptationQuality:2]]
[2020.12.14-13.52.47:627][  0]LogConfig: Setting CVar [[r.BloomQuality:5]]
[2020.12.14-13.52.47:627][  0]LogConfig: Setting CVar [[r.FastBlurThreshold:100]]
[2020.12.14-13.52.47:627][  0]LogConfig: Setting CVar [[r.Upscale.Quality:3]]
[2020.12.14-13.52.47:627][  0]LogConfig: Setting CVar [[r.Tonemapper.GrainQuantization:1]]
[2020.12.14-13.52.47:627][  0]LogConfig: Setting CVar [[r.LightShaftQuality:1]]
[2020.12.14-13.52.47:627][  0]LogConfig: Setting CVar [[r.Filter.SizeScale:1]]
[2020.12.14-13.52.47:627][  0]LogConfig: Setting CVar [[r.Tonemapper.Quality:5]]
[2020.12.14-13.52.47:627][  0]LogConfig: Setting CVar [[r.DOF.Gather.AccumulatorQuality:1        ; higher gathering accumulator quality]]
[2020.12.14-13.52.47:627][  0]LogConfig: Setting CVar [[r.DOF.Gather.PostfilterMethod:1          ; Median3x3 postfilering method]]
[2020.12.14-13.52.47:627][  0]LogConfig: Setting CVar [[r.DOF.Gather.EnableBokehSettings:0       ; no bokeh simulation when gathering]]
[2020.12.14-13.52.47:627][  0]LogConfig: Setting CVar [[r.DOF.Gather.RingCount:4                 ; medium number of samples when gathering]]
[2020.12.14-13.52.47:627][  0]LogConfig: Setting CVar [[r.DOF.Scatter.ForegroundCompositing:1    ; additive foreground scattering]]
[2020.12.14-13.52.47:627][  0]LogConfig: Setting CVar [[r.DOF.Scatter.BackgroundCompositing:2    ; additive background scattering]]
[2020.12.14-13.52.47:627][  0]LogConfig: Setting CVar [[r.DOF.Scatter.EnableBokehSettings:1      ; bokeh simulation when scattering]]
[2020.12.14-13.52.47:627][  0]LogConfig: Setting CVar [[r.DOF.Scatter.MaxSpriteRatio:0.1         ; only a maximum of 10% of scattered bokeh]]
[2020.12.14-13.52.47:627][  0]LogConfig: Setting CVar [[r.DOF.Recombine.Quality:1                ; cheap slight out of focus]]
[2020.12.14-13.52.47:627][  0]LogConfig: Setting CVar [[r.DOF.Recombine.EnableBokehSettings:0    ; no bokeh simulation on slight out of focus]]
[2020.12.14-13.52.47:627][  0]LogConfig: Setting CVar [[r.DOF.TemporalAAQuality:1                ; more stable temporal accumulation]]
[2020.12.14-13.52.47:627][  0]LogConfig: Setting CVar [[r.DOF.Kernel.MaxForegroundRadius:0.025]]
[2020.12.14-13.52.47:627][  0]LogConfig: Setting CVar [[r.DOF.Kernel.MaxBackgroundRadius:0.025]]
[2020.12.14-13.52.47:627][  0]LogConfig: Applying CVar settings from Section [TextureQuality@3] File [../../../MarbleRun/Saved/Config/WindowsNoEditor/Scalability.ini]
[2020.12.14-13.52.47:627][  0]LogConfig: Setting CVar [[r.Streaming.MipBias:0]]
[2020.12.14-13.52.47:627][  0]LogConfig: Setting CVar [[r.Streaming.AmortizeCPUToGPUCopy:0]]
[2020.12.14-13.52.47:627][  0]LogConfig: Setting CVar [[r.Streaming.MaxNumTexturesToStreamPerFrame:0]]
[2020.12.14-13.52.47:627][  0]LogConfig: Setting CVar [[r.Streaming.Boost:1]]
[2020.12.14-13.52.47:627][  0]LogConfig: Setting CVar [[r.MaxAnisotropy:8]]
[2020.12.14-13.52.47:627][  0]LogConfig: Setting CVar [[r.VT.MaxAnisotropy:8]]
[2020.12.14-13.52.47:627][  0]LogConfig: Setting CVar [[r.Streaming.LimitPoolSizeToVRAM:0]]
[2020.12.14-13.52.47:627][  0]LogConfig: Setting CVar [[r.Streaming.PoolSize:1000]]
[2020.12.14-13.52.47:627][  0]LogConfig: Setting CVar [[r.Streaming.MaxEffectiveScreenSize:0]]
[2020.12.14-13.52.47:627][  0]LogConfig: Applying CVar settings from Section [EffectsQuality@3] File [../../../MarbleRun/Saved/Config/WindowsNoEditor/Scalability.ini]
[2020.12.14-13.52.47:627][  0]LogConfig: Setting CVar [[r.TranslucencyLightingVolumeDim:64]]
[2020.12.14-13.52.47:628][  0]LogConfig: Setting CVar [[r.RefractionQuality:2]]
[2020.12.14-13.52.47:628][  0]LogConfig: Setting CVar [[r.SSR.Quality:3]]
[2020.12.14-13.52.47:628][  0]LogConfig: Setting CVar [[r.SSR.HalfResSceneColor:0]]
[2020.12.14-13.52.47:628][  0]LogConfig: Setting CVar [[r.SceneColorFormat:4]]
[2020.12.14-13.52.47:628][  0]LogConfig: Setting CVar [[r.DetailMode:2]]
[2020.12.14-13.52.47:628][  0]LogConfig: Setting CVar [[r.TranslucencyVolumeBlur:1]]
[2020.12.14-13.52.47:628][  0]LogConfig: Setting CVar [[r.MaterialQualityLevel:1 ; High quality]]
[2020.12.14-13.52.47:628][  0]LogConfig: Setting CVar [[r.SSS.Scale:1]]
[2020.12.14-13.52.47:628][  0]LogConfig: Setting CVar [[r.SSS.SampleSet:2]]
[2020.12.14-13.52.47:628][  0]LogConfig: Setting CVar [[r.SSS.Quality:1]]
[2020.12.14-13.52.47:628][  0]LogConfig: Setting CVar [[r.SSS.HalfRes:0]]
[2020.12.14-13.52.47:628][  0]LogConfig: Setting CVar [[r.SSGI.Quality:3]]
[2020.12.14-13.52.47:628][  0]LogConfig: Setting CVar [[r.EmitterSpawnRateScale:1.0]]
[2020.12.14-13.52.47:628][  0]LogConfig: Setting CVar [[r.ParticleLightQuality:2]]
[2020.12.14-13.52.47:628][  0]LogConfig: Setting CVar [[r.SkyAtmosphere.AerialPerspectiveLUT.FastApplyOnOpaque:1 ; Always have FastSkyLUT 1 in this case to avoid wrong sky]]
[2020.12.14-13.52.47:628][  0]LogConfig: Setting CVar [[r.SkyAtmosphere.AerialPerspectiveLUT.SampleCountPerSlice:1]]
[2020.12.14-13.52.47:628][  0]LogConfig: Setting CVar [[r.SkyAtmosphere.AerialPerspectiveLUT.DepthResolution:16.0]]
[2020.12.14-13.52.47:628][  0]LogConfig: Setting CVar [[r.SkyAtmosphere.FastSkyLUT:1]]
[2020.12.14-13.52.47:628][  0]LogConfig: Setting CVar [[r.SkyAtmosphere.FastSkyLUT.SampleCountMin:4.0]]
[2020.12.14-13.52.47:628][  0]LogConfig: Setting CVar [[r.SkyAtmosphere.FastSkyLUT.SampleCountMax:32.0]]
[2020.12.14-13.52.47:628][  0]LogConfig: Setting CVar [[r.SkyAtmosphere.SampleCountMin:4.0]]
[2020.12.14-13.52.47:628][  0]LogConfig: Setting CVar [[r.SkyAtmosphere.SampleCountMax:32.0]]
[2020.12.14-13.52.47:628][  0]LogConfig: Setting CVar [[r.SkyAtmosphere.TransmittanceLUT.UseSmallFormat:0]]
[2020.12.14-13.52.47:628][  0]LogConfig: Setting CVar [[r.SkyAtmosphere.TransmittanceLUT.SampleCount:10.0]]
[2020.12.14-13.52.47:628][  0]LogConfig: Setting CVar [[r.SkyAtmosphere.MultiScatteringLUT.SampleCount:15.0]]
[2020.12.14-13.52.47:628][  0]LogConfig: Setting CVar [[fx.Niagara.QualityLevel:3]]
[2020.12.14-13.52.47:628][  0]LogConfig: Applying CVar settings from Section [FoliageQuality@3] File [../../../MarbleRun/Saved/Config/WindowsNoEditor/Scalability.ini]
[2020.12.14-13.52.47:628][  0]LogConfig: Setting CVar [[foliage.DensityScale:1.0]]
[2020.12.14-13.52.47:628][  0]LogConfig: Setting CVar [[grass.DensityScale:1.0]]
[2020.12.14-13.52.47:628][  0]LogConfig: Applying CVar settings from Section [ShadingQuality@3] File [../../../MarbleRun/Saved/Config/WindowsNoEditor/Scalability.ini]
[2020.12.14-13.52.47:628][  0]LogConfig: Setting CVar [[r.HairStrands.SkyLighting.SampleCount:16]]
[2020.12.14-13.52.47:628][  0]LogConfig: Setting CVar [[r.HairStrands.SkyLighting.JitterIntegration:0]]
[2020.12.14-13.52.47:628][  0]LogConfig: Setting CVar [[r.HairStrands.SkyAO.SampleCount:16]]
[2020.12.14-13.52.47:628][  0]LogConfig: Setting CVar [[r.HairStrands.DeepShadow.SuperSampling:0]]
[2020.12.14-13.52.47:628][  0]LogConfig: Setting CVar [[r.HairStrands.VisibilityPPLL:0]]
[2020.12.14-13.52.47:628][  0]LogConfig: Setting CVar [[r.HairStrands.RasterizationScale:0.5]]
[2020.12.14-13.52.47:628][  0]LogConfig: Setting CVar [[r.HairStrands.VelocityRasterizationScale:1]]
[2020.12.14-13.52.47:628][  0]LogConfig: Applying CVar settings from Section [Startup] File [../../../Engine/Config/ConsoleVariables.ini]
[2020.12.14-13.52.47:628][  0]LogConfig: Setting CVar [[net.UseAdaptiveNetUpdateFrequency:0]]
[2020.12.14-13.52.47:628][  0]LogConfig: Setting CVar [[p.chaos.AllowCreatePhysxBodies:1]]
[2020.12.14-13.52.47:628][  0]LogConfig: Setting CVar [[fx.SkipVectorVMBackendOptimizations:1]]
[2020.12.14-13.52.47:628][  0]LogConfig: Applying CVar settings from Section [ConsoleVariables] File [../../../MarbleRun/Saved/Config/WindowsNoEditor/Engine.ini]
[2020.12.14-13.52.47:628][  0]LogInit: Computer: VIVI
[2020.12.14-13.52.47:628][  0]LogInit: User: VaishaliVyas
[2020.12.14-13.52.47:628][  0]LogInit: CPU Page size=4096, Cores=6
[2020.12.14-13.52.47:628][  0]LogInit: High frequency timer resolution =10.000000 MHz
[2020.12.14-13.52.47:628][  0]LogMemory: Memory total: Physical=15.9GB (16GB approx)
[2020.12.14-13.52.47:628][  0]LogMemory: Platform Memory Stats for WindowsNoEditor
[2020.12.14-13.52.47:628][  0]LogMemory: Process Physical Memory: 67.11 MB used, 67.11 MB peak
[2020.12.14-13.52.47:629][  0]LogMemory: Process Virtual Memory: 75.14 MB used, 75.14 MB peak
[2020.12.14-13.52.47:629][  0]LogMemory: Physical Memory: 6663.02 MB used,  9600.22 MB free, 16263.24 MB total
[2020.12.14-13.52.47:629][  0]LogMemory: Virtual Memory: 4923.90 MB used,  134212800.00 MB free, 134217728.00 MB total
[2020.12.14-13.52.47:635][  0]LogWindows: WindowsPlatformFeatures enabled
[2020.12.14-13.52.47:671][  0]LogInit: Physics initialised using underlying interface: PhysX
[2020.12.14-13.52.47:671][  0]LogInit: Using OS detected language (en-US).
[2020.12.14-13.52.47:671][  0]LogInit: Using OS detected locale (en-GB).
[2020.12.14-13.52.47:672][  0]LogTextLocalizationManager: No specific localization for 'en-US' exists, so the 'en' localization will be used.
[2020.12.14-13.52.47:706][  0]LogSlate: New Slate User Created.  User Index 0, Is Virtual User: 0
[2020.12.14-13.52.47:706][  0]LogSlate: Slate User Registered.  User Index 0, Is Virtual User: 0
[2020.12.14-13.52.47:729][  0]LogHMD: Failed to initialize OpenVR with code 110
[2020.12.14-13.52.47:729][  0]LogD3D11RHI: D3D11 min allowed feature level: 11_0
[2020.12.14-13.52.47:729][  0]LogD3D11RHI: D3D11 max allowed feature level: 11_0
[2020.12.14-13.52.47:729][  0]LogD3D11RHI: D3D11 adapters:
[2020.12.14-13.52.47:837][  0]LogD3D11RHI:    0. 'NVIDIA GeForce GTX 1650' (Feature Level 11_0)
[2020.12.14-13.52.47:837][  0]LogD3D11RHI:       3962/0/8131 MB DedicatedVideo/DedicatedSystem/SharedSystem, Outputs:1, VendorId:0x10de
[2020.12.14-13.52.47:882][  0]LogD3D11RHI:    1. 'Intel(R) UHD Graphics 630' (Feature Level 11_0)
[2020.12.14-13.52.47:882][  0]LogD3D11RHI:       128/0/8131 MB DedicatedVideo/DedicatedSystem/SharedSystem, Outputs:0, VendorId:0x8086
[2020.12.14-13.52.47:886][  0]LogD3D11RHI:    2. 'Microsoft Basic Render Driver' (Feature Level 11_0)
[2020.12.14-13.52.47:886][  0]LogD3D11RHI:       0/0/8131 MB DedicatedVideo/DedicatedSystem/SharedSystem, Outputs:0, VendorId:0x1414
[2020.12.14-13.52.47:886][  0]LogD3D11RHI: Chosen D3D11 Adapter: 0
[2020.12.14-13.52.47:903][  0]LogD3D11RHI: Creating new Direct3DDevice
[2020.12.14-13.52.47:903][  0]LogD3D11RHI:     GPU DeviceId: 0x1f91 (for the marketing name, search the web for "GPU Device Id")
[2020.12.14-13.52.47:903][  0]LogWindows: EnumDisplayDevices:
[2020.12.14-13.52.47:904][  0]LogWindows:    0. 'Intel(R) UHD Graphics 630' (P:1 D:1)
[2020.12.14-13.52.47:904][  0]LogWindows:    1. 'Intel(R) UHD Graphics 630' (P:0 D:0)
[2020.12.14-13.52.47:905][  0]LogWindows:    2. 'Intel(R) UHD Graphics 630' (P:0 D:0)
[2020.12.14-13.52.47:905][  0]LogWindows:    3. 'NVIDIA GeForce GTX 1650' (P:0 D:0)
[2020.12.14-13.52.47:905][  0]LogWindows:    4. 'NVIDIA GeForce GTX 1650' (P:0 D:0)
[2020.12.14-13.52.47:906][  0]LogWindows:    5. 'NVIDIA GeForce GTX 1650' (P:0 D:0)
[2020.12.14-13.52.47:906][  0]LogWindows:    6. 'NVIDIA GeForce GTX 1650' (P:0 D:0)
[2020.12.14-13.52.47:906][  0]LogWindows: DebugString: PrimaryIsNotTheChoosenAdapter PrimaryIsNotTheChoosenAdapter PrimaryIsNotTheChoosenAdapter FoundDriverCount:4 
[2020.12.14-13.52.47:906][  0]LogD3D11RHI:     Adapter Name: NVIDIA GeForce GTX 1650
[2020.12.14-13.52.47:906][  0]LogD3D11RHI:   Driver Version: 442.23 (internal:26.21.14.4223, unified:442.23)
[2020.12.14-13.52.47:906][  0]LogD3D11RHI:      Driver Date: 1-31-2020
[2020.12.14-13.52.47:906][  0]LogRHI: Texture pool is 2773 MB (70% of 3962 MB)
[2020.12.14-13.52.47:984][  0]LogD3D11RHI: RHI has support for 64 bit atomics
[2020.12.14-13.52.47:984][  0]LogD3D11RHI: Async texture creation enabled
[2020.12.14-13.52.47:984][  0]LogD3D11RHI: Array index from any shader is supported
[2020.12.14-13.52.48:004][  0]LogD3D11RHI: GPU Timing Frequency: 1000.000000 (Debug: 2 1)
[2020.12.14-13.52.48:005][  0]LogShaderLibrary: Display: Using ../../../MarbleRun/Content/ShaderArchive-Global-PCD3D_SM5.ushaderbytecode for material shader code. Total 2058 unique shaders.
[2020.12.14-13.52.48:005][  0]LogShaderLibrary: Display: Cooked Context: Using Shared Shader Library Global
[2020.12.14-13.52.48:006][  0]LogTemp: Warning: Clearing the OS Cache
[2020.12.14-13.52.48:008][  0]LogPakFile: New pak file ../../../MarbleRun/Content/Paks/MarbleRun-WindowsNoEditor.pak added to pak precacher.
[2020.12.14-13.52.48:040][  0]LogSlate: Using FreeType 2.10.0
[2020.12.14-13.52.48:040][  0]LogSlate: SlateFontServices - WITH_FREETYPE: 1, WITH_HARFBUZZ: 1
[2020.12.14-13.52.48:130][  0]LogShaderLibrary: Display: Using ../../../MarbleRun/Content/ShaderArchive-MarbleRun-PCD3D_SM5.ushaderbytecode for material shader code. Total 1210 unique shaders.
[2020.12.14-13.52.48:130][  0]LogShaderLibrary: Display: Cooked Context: Using Shared Shader Library MarbleRun
[2020.12.14-13.52.48:130][  0]LogRHI: Display: Opened pipeline cache after state change and enqueued 0 of 0 tasks for precompile.
[2020.12.14-13.52.48:131][  0]LogRHI: Display: Failed to open default shader pipeline cache for MarbleRun using shader platform 0.
[2020.12.14-13.52.48:131][  0]LogInit: Using OS detected language (en-US).
[2020.12.14-13.52.48:131][  0]LogInit: Using OS detected locale (en-GB).
[2020.12.14-13.52.48:131][  0]LogTextLocalizationManager: No localization for 'en-US' exists, so 'en' will be used for the language.
[2020.12.14-13.52.48:131][  0]LogTextLocalizationManager: No localization for 'en-GB' exists, so 'en' will be used for the locale.
[2020.12.14-13.52.48:131][  0]LogSlate: FontCache flush requested. Reason: Culture for localization was changed
[2020.12.14-13.52.48:131][  0]LogSlate: FontCache flush requested. Reason: Culture for localization was changed
[2020.12.14-13.52.48:132][  0]LogTextLocalizationManager: Compacting localization data took   0.76ms
[2020.12.14-13.52.48:137][  0]LogAssetRegistry: FAssetRegistry took 0.0041 seconds to start up
[2020.12.14-13.52.48:239][  0]LogStreaming: Display: Flushing async loaders.
[2020.12.14-13.52.48:239][  0]LogPackageLocalizationCache: Processed 18 localized package path(s) for 1 prioritized culture(s) in 0.000110 seconds
[2020.12.14-13.52.48:244][  0]LogInit: Selected Device Profile: [WindowsNoEditor]
[2020.12.14-13.52.48:261][  0]LogNetVersion: MarbleRun 1.0.0, NetCL: 13144385, EngineNetVer: 14, GameNetVer: 0 (Checksum: 3307928070)
[2020.12.14-13.52.48:296][  0]LogAudioCaptureCore: Display: No Audio Capture implementations found. Audio input will be silent.
[2020.12.14-13.52.48:296][  0]LogAudioCaptureCore: Display: No Audio Capture implementations found. Audio input will be silent.
[2020.12.14-13.52.48:324][  0]LogAISub: UAISubsystem::UAISubsystem AISubsystem (000001A1EAE44480), frame # 0
[2020.12.14-13.52.48:324][  0]LogAISub: UAISubsystem::UAISubsystem AIPerceptionSystem (000001A1EA0381C0), frame # 0
[2020.12.14-13.52.48:325][  0]LogAISub: UAISubsystem::UAISubsystem EnvQueryManager (000001A1EAA91800), frame # 0
[2020.12.14-13.52.48:335][  0]LogMoviePlayer: Initializing movie player
[2020.12.14-13.52.48:339][  0]LogAndroidPermission: UAndroidPermissionCallbackProxy::GetInstance
[2020.12.14-13.52.48:339][  0]LogOcInput: OculusInput pre-init called
[2020.12.14-13.52.48:343][  0]LogUObjectArray: 14209 objects as part of root set at end of initial load.
[2020.12.14-13.52.48:343][  0]LogUObjectArray: 2 objects are not in the root set, but can never be destroyed because they are in the DisregardForGC set.
[2020.12.14-13.52.48:343][  0]LogUObjectAllocator: 2870488 out of 0 bytes used by permanent object pool.
[2020.12.14-13.52.48:343][  0]LogUObjectArray: CloseDisregardForGC: 14209/14209 objects in disregard for GC pool
[2020.12.14-13.52.48:346][  0]LogEngine: Initializing Engine...
[2020.12.14-13.52.48:347][  0]LogHMD: Failed to initialize OpenVR with code 110
[2020.12.14-13.52.48:348][  0]LogStats: UGameplayTagsManager::InitializeManager -  0.000 s
[2020.12.14-13.52.48:400][  0]LogPakFile: Precache HighWater 16MB

[2020.12.14-13.52.48:400][  0]LogPakFile: Precache HighWater 32MB

[2020.12.14-13.52.48:400][  0]LogInit: Initializing FReadOnlyCVARCache
[2020.12.14-13.52.48:401][  0]LogAudioMixer: Display: Audio Mixer Platform Settings:
[2020.12.14-13.52.48:401][  0]LogAudioMixer: Display: 	Sample Rate:						  48000
[2020.12.14-13.52.48:401][  0]LogAudioMixer: Display: 	Callback Buffer Frame Size Requested: 1024
[2020.12.14-13.52.48:401][  0]LogAudioMixer: Display: 	Callback Buffer Frame Size To Use:	  1024
[2020.12.14-13.52.48:401][  0]LogAudioMixer: Display: 	Number of buffers to queue:			  2
[2020.12.14-13.52.48:401][  0]LogAudioMixer: Display: 	Max Channels (voices):				  32
[2020.12.14-13.52.48:401][  0]LogAudioMixer: Display: 	Number of Async Source Workers:		  0
[2020.12.14-13.52.48:401][  0]LogAudio: Display: AudioDevice MaxSources: 32
[2020.12.14-13.52.48:401][  0]LogAudio: Display: Using built-in audio occlusion.
[2020.12.14-13.52.48:401][  0]LogAudioMixer: Display: Initializing audio mixer.
[2020.12.14-13.52.48:417][  0]LogAudioDebug: Display: Lib vorbis DLL was dynamically loaded.
[2020.12.14-13.52.48:437][  0]LogAudioMixer: Display: 0: FrontLeft
[2020.12.14-13.52.48:437][  0]LogAudioMixer: Display: 1: FrontRight
[2020.12.14-13.52.48:497][  0]LogAudioMixer: Display: Using Audio Device Speakers (Realtek(R) Audio)
[2020.12.14-13.52.48:498][  0]LogAudioMixer: Display: Initializing Sound Submixes...
[2020.12.14-13.52.48:499][  0]LogAudioMixer: Display: Creating Master Submix 'MasterSubmixDefault'
[2020.12.14-13.52.48:499][  0]LogAudioMixer: Display: Creating Master Submix 'MasterReverbSubmixDefault'
[2020.12.14-13.52.48:500][  0]LogAudioMixer: Display: Creating Master Submix 'MasterEQSubmixDefault'
[2020.12.14-13.52.48:501][  0]LogInit: FAudioDevice initialized.
[2020.12.14-13.52.48:502][  0]LogNetVersion: Set ProjectVersion to 1.0.0.0. Version Checksum will be recalculated on next use.
[2020.12.14-13.52.48:502][  0]LogInit: Texture streaming: Enabled
[2020.12.14-13.52.48:513][  0]LogSlate: Updating window title bar state: overlay mode, drag disabled, window buttons hidden, title bar hidden
[2020.12.14-13.52.48:514][  0]LogInit: Display: Game Engine Initialized.
[2020.12.14-13.52.48:515][  0]LogInit: Display: Starting Game.
[2020.12.14-13.52.48:515][  0]LogNet: Browse: /Game/Maps/Level1?Name=Player
[2020.12.14-13.52.48:515][  0]LogLoad: LoadMap: /Game/Maps/Level1?Name=Player
[2020.12.14-13.52.48:515][  0]LogWorld: BeginTearingDown for /Temp/Untitled_0
[2020.12.14-13.52.48:517][  0]LogWorld: UWorld::CleanupWorld for Untitled, bSessionEnded=true, bCleanupResources=true
[2020.12.14-13.52.48:517][  0]LogSlate: InvalidateAllWidgets triggered.  All widgets were invalidated
[2020.12.14-13.52.48:523][  0]LogUObjectHash: Compacting FUObjectHashTables data took   1.14ms
[2020.12.14-13.52.48:542][  0]LogAIModule: Creating AISystem for world Level1
[2020.12.14-13.52.48:542][  0]LogAISub: UAISubsystem::UAISubsystem EnvQueryManager (000001A1EAA99A00), frame # 0
[2020.12.14-13.52.48:542][  0]LogAISub: UAISubsystem::UAISubsystem AIPerceptionSystem (000001A1C0BCF380), frame # 0
[2020.12.14-13.52.48:543][  0]LogLoad: Game class is 'GameModeBase'
[2020.12.14-13.52.48:545][  0]LogWorld: Bringing World /Game/Maps/Level1.Level1 up for play (max tick rate 0) at 2020.12.14-19.22.48
[2020.12.14-13.52.48:545][  0]LogWorld: Bringing up level for play took: 0.001602
[2020.12.14-13.52.48:548][  0]LogBlueprintUserMessages: [Level1_C_0] Welcome To Maze!
[2020.12.14-13.52.48:549][  0]LogLoad: Took 0.033825 seconds to LoadMap(/Game/Maps/Level1)
[2020.12.14-13.52.48:565][  0]LogSlate: Took 0.000327 seconds to synchronously load lazily loaded font '../../../Engine/Content/Slate/Fonts/Roboto-Regular.ttf' (155K)
[2020.12.14-13.52.48:572][  0]LogRenderer: Reallocating scene render targets to support 1536x864 Format 10 NumSamples 1 (Frame:1).
[2020.12.14-13.52.48:572][  0]LogRHI: Display: ShaderPipelineCache: Paused Batching. 1
[2020.12.14-13.52.48:572][  0]LogRHI: Display: ShaderPipelineCache: Resumed Batching. 0
[2020.12.14-13.52.48:572][  0]LogRHI: Display: ShaderPipelineCache: Batching Resumed.
[2020.12.14-13.52.48:572][  0]LogLoad: (Engine Initialization) Total time: 1.23 seconds
[2020.12.14-13.52.48:610][  0]LogContentStreaming: Texture pool size now 1000 MB
[2020.12.14-13.52.48:611][  0]LogSlate: InvalidateAllWidgets triggered.  All widgets were invalidated
[2020.12.14-13.52.48:870][  0]LogSlate: Slate font cache was flushed
[2020.12.14-13.52.48:874][  1]LogSlate: Took 0.000128 seconds to synchronously load lazily loaded font '../../../Engine/Content/Slate/Fonts/Roboto-Regular.ttf' (155K)
[2020.12.14-13.53.11:029][526]LogBlueprintUserMessages: [Level1_C_0] Yayyy! You completed the game in 22.42 seconds!!
[2020.12.14-13.53.14:654][430]Closing by request
[2020.12.14-13.53.14:654][430]LogWindows: FPlatformMisc::RequestExit(0)
[2020.12.14-13.53.14:654][430]LogCore: Engine exit requested (reason: Win RequestExit)
[2020.12.14-13.53.14:657][431]LogCore: Engine exit requested (reason: EngineExit() was called; note: exit was already requested)
[2020.12.14-13.53.14:658][431]LogAudio: Display: Shutting down audio device while 2 references to it are still alive. For more information, compile with INSTRUMENT_AUDIODEVICE_HANDLES.
[2020.12.14-13.53.14:704][431]LogInit: Display: PreExit Game.
[2020.12.14-13.53.14:721][431]LogWorld: BeginTearingDown for /Game/Maps/Level1
[2020.12.14-13.53.14:721][431]LogWorld: UWorld::CleanupWorld for Level1, bSessionEnded=true, bCleanupResources=true
[2020.12.14-13.53.14:721][431]LogSlate: InvalidateAllWidgets triggered.  All widgets were invalidated
[2020.12.14-13.53.15:362][431]LogSlate: Request Window 'MarbleRun (64-bit Development PCD3D_SM5) ' being destroyed
[2020.12.14-13.53.15:370][431]LogSlate: Window 'MarbleRun (64-bit Development PCD3D_SM5) ' being destroyed
[2020.12.14-13.53.15:370][431]LogWindowsTextInputMethodSystem: Display: IME system now deactivated.
[2020.12.14-13.53.15:396][431]LogExit: Preparing to exit.
[2020.12.14-13.53.15:396][431]LogMoviePlayer: Shutting down movie player
[2020.12.14-13.53.15:399][431]LogSlate: Updating window title bar state: overlay mode, drag disabled, window buttons hidden, title bar hidden
[2020.12.14-13.53.15:400][431]LogDemo: Cleaned up 0 splitscreen connections with owner deletion
[2020.12.14-13.53.15:401][431]LogExit: Game engine shut down
[2020.12.14-13.53.15:405][431]LogAISub: UAISubsystem::~UAISubsystem AISubsystem (000001A1EAE44480), frame # 6431
[2020.12.14-13.53.15:405][431]LogAISub: UAISubsystem::~UAISubsystem AIPerceptionSystem (000001A1EA0381C0), frame # 6431
[2020.12.14-13.53.15:405][431]LogAISub: UAISubsystem::~UAISubsystem EnvQueryManager (000001A1EAA91800), frame # 6431
[2020.12.14-13.53.15:405][431]LogAISub: UAISubsystem::~UAISubsystem EnvQueryManager (000001A1EAA99A00), frame # 6431
[2020.12.14-13.53.15:405][431]LogAISub: UAISubsystem::~UAISubsystem AIPerceptionSystem (000001A1C0BCF380), frame # 6431
[2020.12.14-13.53.15:418][431]LogExit: Object subsystem successfully closed.
[2020.12.14-13.53.15:430][431]LogModuleManager: Shutting down and abandoning module AutomationController (316)
[2020.12.14-13.53.15:430][431]LogModuleManager: Shutting down and abandoning module AutomationWorker (314)
[2020.12.14-13.53.15:430][431]LogModuleManager: Shutting down and abandoning module Voice (312)
[2020.12.14-13.53.15:430][431]LogModuleManager: Shutting down and abandoning module AIModule (310)
[2020.12.14-13.53.15:430][431]LogModuleManager: Shutting down and abandoning module GameplayDebugger (309)
[2020.12.14-13.53.15:430][431]LogModuleManager: Shutting down and abandoning module NavigationSystem (307)
[2020.12.14-13.53.15:430][431]LogModuleManager: Shutting down and abandoning module WebMMediaFactory (304)
[2020.12.14-13.53.15:430][431]LogModuleManager: Shutting down and abandoning module WebMMedia (302)
[2020.12.14-13.53.15:430][431]LogModuleManager: Shutting down and abandoning module OculusMR (300)
[2020.12.14-13.53.15:430][431]LogModuleManager: Shutting down and abandoning module WmfMediaFactory (298)
[2020.12.14-13.53.15:430][431]LogModuleManager: Shutting down and abandoning module OpenExrWrapper (296)
[2020.12.14-13.53.15:430][431]LogModuleManager: Shutting down and abandoning module ImgMediaFactory (294)
[2020.12.14-13.53.15:430][431]LogModuleManager: Shutting down and abandoning module AvfMediaFactory (292)
[2020.12.14-13.53.15:430][431]LogModuleManager: Shutting down and abandoning module CharacterAI (290)
[2020.12.14-13.53.15:430][431]LogModuleManager: Shutting down and abandoning module PlanarCut (288)
[2020.12.14-13.53.15:430][431]LogModuleManager: Shutting down and abandoning module SessionServices (286)
[2020.12.14-13.53.15:430][431]LogModuleManager: Shutting down and abandoning module LiveCoding (284)
[2020.12.14-13.53.15:430][431]LogModuleManager: Shutting down and abandoning module LevelSequence (282)
[2020.12.14-13.53.15:430][431]LogModuleManager: Shutting down and abandoning module MovieSceneTracks (280)
[2020.12.14-13.53.15:430][431]LogModuleManager: Shutting down and abandoning module MovieScene (278)
[2020.12.14-13.53.15:430][431]LogModuleManager: Shutting down and abandoning module StreamingPauseRendering (276)
[2020.12.14-13.53.15:430][431]LogModuleManager: Shutting down and abandoning module AudioMixerXAudio2 (274)
[2020.12.14-13.53.15:430][431]LogModuleManager: Shutting down and abandoning module AudioMixerCore (273)
[2020.12.14-13.53.15:430][431]LogModuleManager: Shutting down and abandoning module ImageWriteQueue (270)
[2020.12.14-13.53.15:431][431]LogModuleManager: Shutting down and abandoning module ProfilerService (268)
[2020.12.14-13.53.15:653][431]LogModuleManager: Shutting down and abandoning module TaskGraph (266)
[2020.12.14-13.53.15:653][431]LogModuleManager: Shutting down and abandoning module Synthesis (264)
[2020.12.14-13.53.15:653][431]LogModuleManager: Shutting down and abandoning module OculusInput (262)
[2020.12.14-13.53.15:653][431]LogModuleManager: Shutting down and abandoning module MobilePatchingUtils (260)
[2020.12.14-13.53.15:653][431]LogModuleManager: Shutting down and abandoning module GooglePAD (258)
[2020.12.14-13.53.15:653][431]LogModuleManager: Shutting down and abandoning module CustomMeshComponent (256)
[2020.12.14-13.53.15:653][431]LogModuleManager: Shutting down and abandoning module CableComponent (254)
[2020.12.14-13.53.15:653][431]LogModuleManager: Shutting down and abandoning module AudioCapture (252)
[2020.12.14-13.53.15:653][431]LogModuleManager: Shutting down and abandoning module AudioCaptureRtAudio (251)
[2020.12.14-13.53.15:653][431]LogModuleManager: Shutting down and abandoning module AssetTags (248)
[2020.12.14-13.53.15:653][431]LogModuleManager: Shutting down and abandoning module ArchVisCharacter (246)
[2020.12.14-13.53.15:653][431]LogModuleManager: Shutting down and abandoning module AppleImageUtils (244)
[2020.12.14-13.53.15:653][431]LogModuleManager: Shutting down and abandoning module AndroidPermission (242)
[2020.12.14-13.53.15:653][431]LogModuleManager: Shutting down and abandoning module TemplateSequence (240)
[2020.12.14-13.53.15:653][431]LogModuleManager: Shutting down and abandoning module MediaCompositing (238)
[2020.12.14-13.53.15:653][431]LogModuleManager: Shutting down and abandoning module ImgMedia (236)
[2020.12.14-13.53.15:653][431]LogModuleManager: Shutting down and abandoning module MagicLeapLightEstimation (234)
[2020.12.14-13.53.15:653][431]LogModuleManager: Shutting down and abandoning module MagicLeapHelperVulkan (232)
[2020.12.14-13.53.15:653][431]LogModuleManager: Shutting down and abandoning module MagicLeapHelperOpenGL (230)
[2020.12.14-13.53.15:653][431]LogModuleManager: Shutting down and abandoning module MagicLeapAudio (228)
[2020.12.14-13.53.15:653][431]LogModuleManager: Shutting down and abandoning module MagicLeapSharedWorld (226)
[2020.12.14-13.53.15:653][431]LogModuleManager: Shutting down and abandoning module ChaosNiagara (224)
[2020.12.14-13.53.15:653][431]LogModuleManager: Shutting down and abandoning module ProceduralMeshComponent (222)
[2020.12.14-13.53.15:653][431]LogModuleManager: Shutting down and abandoning module GeometryCollectionTracks (220)
[2020.12.14-13.53.15:653][431]LogModuleManager: Shutting down and abandoning module EditableMesh (218)
[2020.12.14-13.53.15:653][431]LogModuleManager: Shutting down and abandoning module MeshSolverUtilities (216)
[2020.12.14-13.53.15:653][431]LogModuleManager: Shutting down and abandoning module MeshConversion (214)
[2020.12.14-13.53.15:653][431]LogModuleManager: Shutting down and abandoning module DynamicMesh (212)
[2020.12.14-13.53.15:653][431]LogModuleManager: Shutting down and abandoning module GeometryAlgorithms (210)
[2020.12.14-13.53.15:653][431]LogModuleManager: Shutting down and abandoning module GeometricObjects (208)
[2020.12.14-13.53.15:653][431]LogModuleManager: Shutting down and abandoning module ChaosCloth (206)
[2020.12.14-13.53.15:653][431]LogModuleManager: Shutting down and abandoning module BackChannel (204)
[2020.12.14-13.53.15:653][431]LogModuleManager: Shutting down and abandoning module AutomationUtils (202)
[2020.12.14-13.53.15:653][431]LogModuleManager: Shutting down and abandoning module GeometryCacheTracks (200)
[2020.12.14-13.53.15:653][431]LogModuleManager: Shutting down and abandoning module GeometryCache (198)
[2020.12.14-13.53.15:653][431]LogModuleManager: Shutting down and abandoning module UObjectPlugin (196)
[2020.12.14-13.53.15:653][431]LogModuleManager: Shutting down and abandoning module SoundFields (194)
[2020.12.14-13.53.15:653][431]LogModuleManager: Shutting down and abandoning module RuntimePhysXCooking (192)
[2020.12.14-13.53.15:653][431]LogModuleManager: Shutting down and abandoning module LocationServicesBPLibrary (188)
[2020.12.14-13.53.15:653][431]LogModuleManager: Shutting down and abandoning module ActorSequence (186)
[2020.12.14-13.53.15:653][431]LogModuleManager: Shutting down and abandoning module UdpMessaging (184)
[2020.12.14-13.53.15:653][431]LogModuleManager: Shutting down and abandoning module TcpMessaging (182)
[2020.12.14-13.53.15:653][431]LogModuleManager: Shutting down and abandoning module MagicLeapHandMeshing (180)
[2020.12.14-13.53.15:653][431]LogModuleManager: Shutting down and abandoning module MagicLeapSecureStorage (178)
[2020.12.14-13.53.15:653][431]LogModuleManager: Shutting down and abandoning module MagicLeapPrivileges (176)
[2020.12.14-13.53.15:653][431]LogModuleManager: Shutting down and abandoning module MagicLeapPlanes (174)
[2020.12.14-13.53.15:653][431]LogModuleManager: Shutting down and abandoning module MagicLeapImageTracker (172)
[2020.12.14-13.53.15:653][431]LogModuleManager: Shutting down and abandoning module MagicLeapIdentity (170)
[2020.12.14-13.53.15:653][431]LogModuleManager: Shutting down and abandoning module MagicLeapHandTracking (168)
[2020.12.14-13.53.15:653][431]LogModuleManager: Shutting down and abandoning module MagicLeapEyeTracker (166)
[2020.12.14-13.53.15:654][431]LogModuleManager: Shutting down and abandoning module MagicLeapController (164)
[2020.12.14-13.53.15:654][431]LogSlate: Slate User Destroyed.  User Index 0, Is Virtual User: 0
[2020.12.14-13.53.15:654][431]LogModuleManager: Shutting down and abandoning module MagicLeapARPinImpl (162)
[2020.12.14-13.53.15:654][431]LogModuleManager: Shutting down and abandoning module MagicLeapAR (160)
[2020.12.14-13.53.15:654][431]LogModuleManager: Shutting down and abandoning module AugmentedReality (159)
[2020.12.14-13.53.15:654][431]LogModuleManager: Shutting down and abandoning module MagicLeapARPin (156)
[2020.12.14-13.53.15:654][431]LogModuleManager: Shutting down and abandoning module NiagaraAnimNotifies (154)
[2020.12.14-13.53.15:654][431]LogModuleManager: Shutting down and abandoning module Niagara (152)
[2020.12.14-13.53.15:654][431]LogModuleManager: Shutting down and abandoning module SignalProcessing (151)
[2020.12.14-13.53.15:654][431]LogModuleManager: Shutting down and abandoning module NiagaraCore (148)
[2020.12.14-13.53.15:654][431]LogModuleManager: Shutting down and abandoning module FacialAnimation (146)
[2020.12.14-13.53.15:654][431]LogModuleManager: Shutting down and abandoning module SignificanceManager (144)
[2020.12.14-13.53.15:654][431]LogModuleManager: Shutting down and abandoning module AnimationSharing (142)
[2020.12.14-13.53.15:654][431]LogModuleManager: Shutting down and abandoning module LightPropagationVolumeRuntime (140)
[2020.12.14-13.53.15:654][431]LogModuleManager: Shutting down and abandoning module Paper2D (138)
[2020.12.14-13.53.15:654][431]LogModuleManager: Shutting down and abandoning module WindowsMoviePlayer (136)
[2020.12.14-13.53.15:654][431]LogModuleManager: Shutting down and abandoning module WebMMoviePlayer (134)
[2020.12.14-13.53.15:654][431]LogModuleManager: Shutting down and abandoning module NetworkReplayStreaming (132)
[2020.12.14-13.53.15:654][431]LogModuleManager: Shutting down and abandoning module PacketHandler (130)
[2020.12.14-13.53.15:654][431]LogModuleManager: Shutting down and abandoning module ClothingSystemRuntimeNv (128)
[2020.12.14-13.53.15:654][431]LogModuleManager: Shutting down and abandoning module MediaAssets (126)
[2020.12.14-13.53.15:654][431]LogModuleManager: Shutting down and abandoning module Overlay (124)
[2020.12.14-13.53.15:654][431]LogModuleManager: Shutting down and abandoning module FunctionalTesting (122)
[2020.12.14-13.53.15:654][431]LogModuleManager: Shutting down and abandoning module MessageLog (120)
[2020.12.14-13.53.15:654][431]LogModuleManager: Shutting down and abandoning module UMG (118)
[2020.12.14-13.53.15:654][431]LogModuleManager: Shutting down and abandoning module SlateReflector (116)
[2020.12.14-13.53.15:654][431]LogModuleManager: Shutting down and abandoning module Slate (114)
[2020.12.14-13.53.15:654][431]LogModuleManager: Shutting down and abandoning module SlateCore (112)
[2020.12.14-13.53.15:654][431]LogModuleManager: Shutting down and abandoning module MRMesh (110)
[2020.12.14-13.53.15:654][431]LogModuleManager: Shutting down and abandoning module Messaging (108)
[2020.12.14-13.53.15:654][431]LogModuleManager: Shutting down and abandoning module HeadMountedDisplay (106)
[2020.12.14-13.53.15:654][431]LogModuleManager: Shutting down and abandoning module XAudio2 (104)
[2020.12.14-13.53.15:654][431]LogModuleManager: Shutting down and abandoning module Networking (102)
[2020.12.14-13.53.15:654][431]LogModuleManager: Shutting down and abandoning module Core (100)
[2020.12.14-13.53.15:654][431]LogModuleManager: Shutting down and abandoning module ImageWrapper (96)
[2020.12.14-13.53.15:654][431]LogModuleManager: Shutting down and abandoning module InputCore (94)
[2020.12.14-13.53.15:654][431]LogModuleManager: Shutting down and abandoning module Settings (92)
[2020.12.14-13.53.15:654][431]LogModuleManager: Shutting down and abandoning module PhysXCooking (90)
[2020.12.14-13.53.15:654][431]LogModuleManager: Shutting down and abandoning module ChaosSolvers (88)
[2020.12.14-13.53.15:654][431]LogModuleManager: Shutting down and abandoning module FieldSystemEngine (87)
[2020.12.14-13.53.15:654][431]LogModuleManager: Shutting down and abandoning module Chaos (84)
[2020.12.14-13.53.15:654][431]LogModuleManager: Shutting down and abandoning module WindowsPlatformFeatures (82)
[2020.12.14-13.53.15:654][431]LogModuleManager: Shutting down and abandoning module GameplayMediaEncoder (81)
[2020.12.14-13.53.15:654][431]LogModuleManager: Shutting down and abandoning module AVEncoder (80)
[2020.12.14-13.53.15:654][431]LogModuleManager: Shutting down and abandoning module SteamVRInputDevice (76)
[2020.12.14-13.53.15:654][431]LogModuleManager: Shutting down and abandoning module SteamVRInput (74)
[2020.12.14-13.53.15:654][431]LogModuleManager: Shutting down and abandoning module SteamVR (72)
[2020.12.14-13.53.15:654][431]LogHMD: Freeing OpenVRDLLHandle.
[2020.12.14-13.53.15:654][431]LogModuleManager: Shutting down and abandoning module OculusHMD (70)
[2020.12.14-13.53.15:654][431]LogModuleManager: Shutting down and abandoning module ExampleDeviceProfileSelector (68)
[2020.12.14-13.53.15:654][431]LogModuleManager: Shutting down and abandoning module LauncherChunkInstaller (66)
[2020.12.14-13.53.15:654][431]LogModuleManager: Shutting down and abandoning module OnlineSubsystem (62)
[2020.12.14-13.53.15:655][431]LogModuleManager: Shutting down and abandoning module HTTP (57)
[2020.12.14-13.53.15:669][431]LogModuleManager: Shutting down and abandoning module SSL (56)
[2020.12.14-13.53.15:669][431]LogModuleManager: Shutting down and abandoning module WmfMedia (52)
[2020.12.14-13.53.15:669][431]LogModuleManager: Shutting down and abandoning module Media (51)
[2020.12.14-13.53.15:669][431]LogModuleManager: Shutting down and abandoning module MagicLeap (48)
[2020.12.14-13.53.15:670][431]LogModuleManager: Shutting down and abandoning module NiagaraVertexFactories (46)
[2020.12.14-13.53.15:670][431]LogModuleManager: Shutting down and abandoning module NiagaraShader (44)
[2020.12.14-13.53.15:670][431]LogModuleManager: Shutting down and abandoning module VariantManagerContent (42)
[2020.12.14-13.53.15:670][431]LogModuleManager: Shutting down and abandoning module DatasmithContent (40)
[2020.12.14-13.53.15:670][431]LogModuleManager: Shutting down and abandoning module AISupportModule (38)
[2020.12.14-13.53.15:670][431]LogModuleManager: Shutting down and abandoning module PlatformCryptoOpenSSL (36)
[2020.12.14-13.53.15:670][431]LogModuleManager: Shutting down and abandoning module PlatformCryptoTypes (34)
[2020.12.14-13.53.15:670][431]LogModuleManager: Shutting down and abandoning module PlatformCrypto (32)
[2020.12.14-13.53.15:670][431]LogModuleManager: Shutting down and abandoning module RenderCore (30)
[2020.12.14-13.53.15:670][431]LogModuleManager: Shutting down and abandoning module Landscape (28)
[2020.12.14-13.53.15:670][431]LogModuleManager: Shutting down and abandoning module SlateRHIRenderer (26)
[2020.12.14-13.53.15:670][431]LogModuleManager: Shutting down and abandoning module OpenGLDrv (24)
[2020.12.14-13.53.15:670][431]LogModuleManager: Shutting down and abandoning module D3D11RHI (22)
[2020.12.14-13.53.15:670][431]LogModuleManager: Shutting down and abandoning module AnimGraphRuntime (20)
[2020.12.14-13.53.15:670][431]LogModuleManager: Shutting down and abandoning module Renderer (18)
[2020.12.14-13.53.15:670][431]LogModuleManager: Shutting down and abandoning module Engine (16)
[2020.12.14-13.53.15:670][431]LogModuleManager: Shutting down and abandoning module CoreUObject (14)
[2020.12.14-13.53.15:670][431]LogModuleManager: Shutting down and abandoning module NetworkFile (12)
[2020.12.14-13.53.15:670][431]LogModuleManager: Shutting down and abandoning module CookedIterativeFile (10)
[2020.12.14-13.53.15:670][431]LogModuleManager: Shutting down and abandoning module StreamingFile (8)
[2020.12.14-13.53.15:670][431]LogModuleManager: Shutting down and abandoning module SandboxFile (6)
[2020.12.14-13.53.15:670][431]LogModuleManager: Shutting down and abandoning module PakFile (4)
[2020.12.14-13.53.15:671][431]LogModuleManager: Shutting down and abandoning module RSA (3)
[2020.12.14-13.53.15:671][431]LogContentStreaming: Display: There are 1 unreleased StreamingManagers
[2020.12.14-13.53.15:672][431]LogD3D11RHI: Shutdown
[2020.12.14-13.53.15:672][431]LogD3D11RHI: CleanupD3DDevice
[2020.12.14-13.53.15:677][431]LogExit: Exiting.
[2020.12.14-13.53.15:687][431]Log file closed, 12/14/20 19:23:15
